<?xml version="1.0" encoding="UTF-8"?>
<testng-results ignored="0" total="1" passed="1" failed="0" skipped="0">
  <reporter-output>
  </reporter-output>
  <suite started-at="2022-04-16T12:25:42 EDT" name="Default suite" finished-at="2022-04-16T12:25:47 EDT" duration-ms="4601">
    <groups>
    </groups>
    <test started-at="2022-04-16T12:25:42 EDT" name="Default test" finished-at="2022-04-16T12:25:47 EDT" duration-ms="4601">
      <class name="firsttestngpackage.TestNGfile">
        <test-method signature="expediaAutoBook()[pri:0, instance:firsttestngpackage.TestNGfile@6d2a209c]" started-at="2022-04-16T12:25:42 EDT" name="expediaAutoBook" finished-at="2022-04-16T12:25:47 EDT" duration-ms="4581" status="PASS">
          <reporter-output>
          </reporter-output>
        </test-method> <!-- expediaAutoBook -->
      </class> <!-- firsttestngpackage.TestNGfile -->
    </test> <!-- Default test -->
  </suite> <!-- Default suite -->
</testng-results>
